/Users/aero/VSCode/univ_info/venv/lib/python3.9/site-packages/urllib3/__init__.py:35: NotOpenSSLWarning: urllib3 v2 only supports OpenSSL 1.1.1+, currently the 'ssl' module is compiled with 'LibreSSL 2.8.3'. See: https://github.com/urllib3/urllib3/issues/3020
  warnings.warn(

🔍 大学オープンキャンパス情報ページ分析
対象大学数: 16


============================================================
📍 上智大学
   URL: https://www.sophia.ac.jp/jpn/admission/
============================================================
❌ https://www.sophia.ac.jp/jpn/admission/: 404 Client Error: Not Found for url: https://www.sophia.ac.jp/jpn/admission/
❌ 取得失敗

============================================================
📍 中央大学
   URL: https://www.chuo-u.ac.jp/exam/event/
============================================================

📄 タイトル: イベント | 中央大学
📝 OG説明: 中央大学の公式サイト　大学の基本情報、入試情報、学部・大学院・専門職大学院での学びポイント、世界に目を向けた研究や国際展開など、中大の旬な情報をお伝えします。中央大学はユニバーシティメッセージである「

📅 抽出された日付 (2件):
   - 2026-1-15
   - 2026-5-27

🎯 見出し情報:
   <h1> Eventsイベント

🔍 日付を含むテキスト（最初の3件）:
   var _gaq = _gaq || []; _gaq.push(['_setAccount', 'UA-293155-1']); _gaq.push(['_t
   奨学寄付金のお申込みについて
   お問い合せ・寄付のお申込

📊 テーブル数: 0

💾 HTML保存: analysis/中央_raw.html (最初の10KB)

============================================================
📍 学習院大学
   URL: https://www.gakushuin.ac.jp/admission/
============================================================
❌ https://www.gakushuin.ac.jp/admission/: 404 Client Error: Not Found for url: https://www.gakushuin.ac.jp/admission/
❌ 取得失敗

============================================================
📍 工学院大学
   URL: https://www.kogakuin.ac.jp/admissions/event/oc.html
============================================================

📄 タイトル: オープンキャンパス | 2026オープンキャンパス・相談会 | 工学院大学 入試サイト

📅 抽出された日付 (5件):
   - -5-31
   - -6-14
   - -8-1
   - -8-2
   - -9-27

🎯 見出し情報:
   <h3> デジタルパンフレットをご覧いただけます

🔍 日付を含むテキスト（最初の3件）:
   window.dataLayer = window.dataLayer || [];
  function gtag(){dataLayer.push(arg

📊 テーブル数: 1
   テーブル 1: 5 行
      日時 | 実施形式 | 事前予約開始時期
      5/31（日） | オンライン | 5月中旬

💾 HTML保存: analysis/工学院_raw.html (最初の10KB)

============================================================
📍 慶應義塾大学
   URL: https://www.keio.ac.jp/ja/admission/guide/experience/
============================================================
❌ https://www.keio.ac.jp/ja/admission/guide/experience/: 404 Client Error: Not Found for url: https://www.keio.ac.jp/ja/admission/guide/experience/
❌ 取得失敗

============================================================
📍 早稲田大学
   URL: https://www.waseda.jp/inst/admission/event/oc/
============================================================
❌ https://www.waseda.jp/inst/admission/event/oc/: 404 Client Error: Not Found for url: https://www.waseda.jp/inst/admission/event/oc/
❌ 取得失敗

============================================================
📍 明治大学
   URL: https://www.meiji.ac.jp/exam/event/opencampus/
============================================================

📄 タイトル: オープンキャンパス｜入試総合サイト｜明治大学
📝 OG説明: 明治大学の入試総合サイト（オフィシャル）です。明治大学の受験を検討されている方、入学希望者向けに入試情報を掲載しています。 

📅 抽出された日付 (66件):
   - -21-12
   - -22-6
   - -22-7
   - -22-8
   - -23-1

🎯 見出し情報:
   <h1> オープンキャンパス
   <h2> 【NEW】オープンキャンパス2026
   <h2> 【前年参考】参加資格・予約方法・Q&A
   <h3> 更新情報
   <h3> 【駿河台】2026年8月6日（木）、7日（金）10：00～16：00
   <h3> 【中野】2026年8月6日（木）、7日（金）10：00～16：00

🔍 日付を含むテキスト（最初の3件）:
   (function(i,s,o,g,r,a,m){i['GoogleAnalyticsObject']=r;i[r]=i[r]||function(){
  
   オープンキャンパス開催日程
   2025/12/13：2026年オープンキャンパスの開催日程を公開しました！

📊 テーブル数: 0

💾 HTML保存: analysis/明治_raw.html (最初の10KB)

============================================================
📍 東京工科大学
   URL: https://www.teu.ac.jp/admission/
============================================================
❌ https://www.teu.ac.jp/admission/: 404 Client Error: Not Found for url: https://www.teu.ac.jp/admission/
❌ 取得失敗

============================================================
📍 東京理科大学
   URL: https://www.tus.ac.jp/admissions/university/visittus/opencampus/
============================================================

📄 タイトル: オープンキャンパス｜東京理科大学

📅 抽出された日付 (3件):
   - 2025-8-10
   - 2025-8-11
   - 2025-8-9

🎯 見出し情報:
   <h2> オープンキャンパスADMISSIONS & AID
   <h2> 重要なお知らせ
   <h2> 2025年度オープンキャンパス

🔍 日付を含むテキスト（最初の3件）:
   2026年春に次のオープンキャンパスの開催を予定しています！
   夏の野田オープンキャンパス 2025年8月9日(土)
   夏の葛飾オープンキャンパス 2025年8月10日(日)

📊 テーブル数: 0

💾 HTML保存: analysis/東京理科_raw.html (最初の10KB)

============================================================
📍 東京都市大学
   URL: https://www.tcu.ac.jp/admission/
============================================================

📄 タイトル: 東京都市大学｜お探しのページは見つかりませんでした
📝 OG説明: 東京都市大学のウェブサイトです。学部・大学院、学生生活、国際交流、研究・産学連携からニュース・トピックスまで、東京都市大学の最新情報を掲載しています。

📅 抽出された日付 (1件):
   - 2026-4-1

🎯 見出し情報:
   <h2> 404Not Found

🔍 日付を含むテキスト（最初の3件）:
   【在学生向け】授業料Q&A［2026年4月1日更新］
   (function(i, s, o, g, r, a, m) {
			i['GoogleAnalyticsObject'] = r;
			i[r] = 

📊 テーブル数: 0

💾 HTML保存: analysis/東京都市_raw.html (最初の10KB)

============================================================
📍 東京電機大学
   URL: https://www.dendai.ac.jp/admission/
============================================================
❌ https://www.dendai.ac.jp/admission/: 404 Client Error: Not Found for url: https://www.dendai.ac.jp/admission/
❌ 取得失敗

============================================================
📍 法政大学
   URL: https://www.hosei.ac.jp/admissions/event/
============================================================
❌ https://www.hosei.ac.jp/admissions/event/: 404 Client Error: Not Found for url: https://www.hosei.ac.jp/admissions/event/
❌ 取得失敗

============================================================
📍 立教大学
   URL: https://www.rikkyo.ac.jp/admissions/visit/opencampus/index.html
============================================================

📄 タイトル: オープンキャンパス | 立教大学
📝 OG説明: 毎年、夏季に行われるオープンキャンパスでは、入学後の自分をシミュレーションしながら、学ぶ楽しさを知ってもらうためのさまざまなプログラムを用意しています。

📅 抽出された日付 (5件):
   - -8-3
   - -8-4
   - -8-5
   - -8-7
   - -8-8

🎯 見出し情報:
   <h1> 立教大学
   <h1> オープンキャンパス立教大学へ行ってみよう
   <h2> 池袋オープンキャンパス（主要プログラムは事前予約制）
   <h2> 新座オープンキャンパス（予約不要）
   <h2> プログラム内容
   <h3> 予約に関する注意事項

🔍 日付を含むテキスト（最初の3件）:
   2026年度開催日時・対象学部
   ※日程ごとに開催する学部が異なりますので、ご来場の際はご注意ください。
   【受講証の準備】 申込完了後、マイページに「受講証」が発行されます。当日確認いたしますので、電波状況に備え、事前に印刷するか、スマートフォン等に画像を保存してご

📊 テーブル数: 0

💾 HTML保存: analysis/立教_raw.html (最初の10KB)

============================================================
📍 芝浦工業大学
   URL: https://www.shibaura-it.ac.jp/admission/
============================================================
❌ https://www.shibaura-it.ac.jp/admission/: 404 Client Error: Not Found for url: https://www.shibaura-it.ac.jp/admission/
❌ 取得失敗

============================================================
📍 電気通信大学
   URL: https://www.uec.ac.jp/education/undergraduate/event/opencampus.html
============================================================

📄 タイトル: 学域（学部）オープンキャンパス | 国立大学法人 電気通信大学

📅 抽出された日付 (1件):
   - 2026-7-19

🎯 見出し情報:
   <h2> 学域（学部）オープンキャンパス
   <h3> 2026年 第1回オープンキャンパス
   <h3> 過去のオープンキャンパス

🔍 日付を含むテキスト（最初の3件）:
   <style type="text/css">
        <!--
        .btn,
        a.btn,
        button
   オープンラボ開催中専用CSS
   オープンキャンパスでは、大学説明会や入試説明会などを行うほか、研究室の公開、施設見学、受験相談などを開催しています。

📊 テーブル数: 0

💾 HTML保存: analysis/電気通信_raw.html (最初の10KB)

============================================================
📍 青山学院大学
   URL: https://www.aoyama.ac.jp/exam/event/
============================================================
❌ https://www.aoyama.ac.jp/exam/event/: 404 Client Error: Not Found for url: https://www.aoyama.ac.jp/exam/event/
❌ 取得失敗

============================================================
✅ 分析完了
============================================================

